[2025-09-27 11:00:23] laravel.EMERGENCY: Unable to create configured logger. Using emergency logger. {"exception":"[object] (InvalidArgumentException(code: 0): Log [] is not defined. at A:\\GenTech\\htdocs\\GenTech_bug\\GenLab\\vendor\\laravel\\framework\\src\\Illuminate\\Log\\LogManager.php:212)
[stacktrace]
#0 A:\\GenTech\\htdocs\\GenTech_bug\\GenLab\\vendor\\laravel\\framework\\src\\Illuminate\\Log\\LogManager.php(137): Illuminate\\Log\\LogManager->resolve(NULL, NULL)
#1 A:\\GenTech\\htdocs\\GenTech_bug\\GenLab\\vendor\\laravel\\framework\\src\\Illuminate\\Log\\LogManager.php(124): Illuminate\\Log\\LogManager->get(NULL)
#2 A:\\GenTech\\htdocs\\GenTech_bug\\GenLab\\vendor\\laravel\\framework\\src\\Illuminate\\Log\\LogManager.php(681): Illuminate\\Log\\LogManager->driver()
#3 A:\\GenTech\\htdocs\\GenTech_bug\\GenLab\\vendor\\laravel\\framework\\src\\Illuminate\\Foundation\\Exceptions\\Handler.php(317): Illuminate\\Log\\LogManager->error('Class \"Tymon\\\\JW...', Array)
#4 A:\\GenTech\\htdocs\\GenTech_bug\\GenLab\\vendor\\laravel\\framework\\src\\Illuminate\\Foundation\\Exceptions\\Handler.php(278): Illuminate\\Foundation\\Exceptions\\Handler->reportThrowable(Object(Error))
#5 A:\\GenTech\\htdocs\\GenTech_bug\\GenLab\\vendor\\laravel\\framework\\src\\Illuminate\\Foundation\\Console\\Kernel.php(523): Illuminate\\Foundation\\Exceptions\\Handler->report(Object(Error))
#6 A:\\GenTech\\htdocs\\GenTech_bug\\GenLab\\vendor\\laravel\\framework\\src\\Illuminate\\Foundation\\Console\\Kernel.php(203): Illuminate\\Foundation\\Console\\Kernel->reportException(Object(Error))
#7 A:\\GenTech\\htdocs\\GenTech_bug\\GenLab\\artisan(35): Illuminate\\Foundation\\Console\\Kernel->handle(Object(Symfony\\Component\\Console\\Input\\ArgvInput), Object(Symfony\\Component\\Console\\Output\\ConsoleOutput))
#8 {main}
"} 
[2025-09-27 11:00:23] laravel.ERROR: Class "Tymon\JWTAuth\Providers\JWT\Provider" not found {"exception":"[object] (Error(code: 0): Class \"Tymon\\JWTAuth\\Providers\\JWT\\Provider\" not found at A:\\GenTech\\htdocs\\GenTech_bug\\GenLab\\config\\jwt.php:134)
[stacktrace]
#0 A:\\GenTech\\htdocs\\GenTech_bug\\GenLab\\vendor\\laravel\\framework\\src\\Illuminate\\Foundation\\Bootstrap\\LoadConfiguration.php(70): require()
#1 A:\\GenTech\\htdocs\\GenTech_bug\\GenLab\\vendor\\laravel\\framework\\src\\Illuminate\\Foundation\\Bootstrap\\LoadConfiguration.php(39): Illuminate\\Foundation\\Bootstrap\\LoadConfiguration->loadConfigurationFiles(Object(Illuminate\\Foundation\\Application), Object(Illuminate\\Config\\Repository))
#2 A:\\GenTech\\htdocs\\GenTech_bug\\GenLab\\vendor\\laravel\\framework\\src\\Illuminate\\Foundation\\Application.php(286): Illuminate\\Foundation\\Bootstrap\\LoadConfiguration->bootstrap(Object(Illuminate\\Foundation\\Application))
#3 A:\\GenTech\\htdocs\\GenTech_bug\\GenLab\\vendor\\laravel\\framework\\src\\Illuminate\\Foundation\\Console\\Kernel.php(447): Illuminate\\Foundation\\Application->bootstrapWith(Array)
#4 A:\\GenTech\\htdocs\\GenTech_bug\\GenLab\\vendor\\laravel\\framework\\src\\Illuminate\\Foundation\\Console\\Kernel.php(199): Illuminate\\Foundation\\Console\\Kernel->bootstrap()
#5 A:\\GenTech\\htdocs\\GenTech_bug\\GenLab\\artisan(35): Illuminate\\Foundation\\Console\\Kernel->handle(Object(Symfony\\Component\\Console\\Input\\ArgvInput), Object(Symfony\\Component\\Console\\Output\\ConsoleOutput))
#6 {main}
"} 
[2025-09-27 09:03:00] local.ERROR: Tymon\JWTAuth\JWTGuard::login(): Argument #1 ($user) must be of type Tymon\JWTAuth\Contracts\JWTSubject, App\Models\Admin given, called in A:\GenTech\htdocs\GenTech_bug\GenLab\vendor\tymon\jwt-auth\src\JWTGuard.php on line 124 {"exception":"[object] (TypeError(code: 0): Tymon\\JWTAuth\\JWTGuard::login(): Argument #1 ($user) must be of type Tymon\\JWTAuth\\Contracts\\JWTSubject, App\\Models\\Admin given, called in A:\\GenTech\\htdocs\\GenTech_bug\\GenLab\\vendor\\tymon\\jwt-auth\\src\\JWTGuard.php on line 124 at A:\\GenTech\\htdocs\\GenTech_bug\\GenLab\\vendor\\tymon\\jwt-auth\\src\\JWTGuard.php:136)
[stacktrace]
#0 A:\\GenTech\\htdocs\\GenTech_bug\\GenLab\\vendor\\tymon\\jwt-auth\\src\\JWTGuard.php(124): Tymon\\JWTAuth\\JWTGuard->login(Object(App\\Models\\Admin))
#1 A:\\GenTech\\htdocs\\GenTech_bug\\GenLab\\app\\Http\\Controllers\\MobileControllers\\Auth\\AdminAuthController.php(29): Tymon\\JWTAuth\\JWTGuard->attempt(Array)
#2 A:\\GenTech\\htdocs\\GenTech_bug\\GenLab\\vendor\\laravel\\framework\\src\\Illuminate\\Routing\\Controller.php(54): App\\Http\\Controllers\\MobileControllers\\Auth\\AdminAuthController->login(Object(Illuminate\\Http\\Request))
#3 A:\\GenTech\\htdocs\\GenTech_bug\\GenLab\\vendor\\laravel\\framework\\src\\Illuminate\\Routing\\ControllerDispatcher.php(43): Illuminate\\Routing\\Controller->callAction('login', Array)
#4 A:\\GenTech\\htdocs\\GenTech_bug\\GenLab\\vendor\\laravel\\framework\\src\\Illuminate\\Routing\\Route.php(259): Illuminate\\Routing\\ControllerDispatcher->dispatch(Object(Illuminate\\Routing\\Route), Object(App\\Http\\Controllers\\MobileControllers\\Auth\\AdminAuthController), 'login')
#5 A:\\GenTech\\htdocs\\GenTech_bug\\GenLab\\vendor\\laravel\\framework\\src\\Illuminate\\Routing\\Route.php(205): Illuminate\\Routing\\Route->runController()
#6 A:\\GenTech\\htdocs\\GenTech_bug\\GenLab\\vendor\\laravel\\framework\\src\\Illuminate\\Routing\\Router.php(806): Illuminate\\Routing\\Route->run()
#7 A:\\GenTech\\htdocs\\GenTech_bug\\GenLab\\vendor\\laravel\\framework\\src\\Illuminate\\Pipeline\\Pipeline.php(144): Illuminate\\Routing\\Router->Illuminate\\Routing\\{closure}(Object(Illuminate\\Http\\Request))
#8 A:\\GenTech\\htdocs\\GenTech_bug\\GenLab\\vendor\\laravel\\framework\\src\\Illuminate\\Routing\\Middleware\\SubstituteBindings.php(50): Illuminate\\Pipeline\\Pipeline->Illuminate\\Pipeline\\{closure}(Object(Illuminate\\Http\\Request))
#9 A:\\GenTech\\htdocs\\GenTech_bug\\GenLab\\vendor\\laravel\\framework\\src\\Illuminate\\Pipeline\\Pipeline.php(183): Illuminate\\Routing\\Middleware\\SubstituteBindings->handle(Object(Illuminate\\Http\\Request), Object(Closure))
#10 A:\\GenTech\\htdocs\\GenTech_bug\\GenLab\\vendor\\laravel\\framework\\src\\Illuminate\\Routing\\Middleware\\ThrottleRequests.php(159): Illuminate\\Pipeline\\Pipeline->Illuminate\\Pipeline\\{closure}(Object(Illuminate\\Http\\Request))
#11 A:\\GenTech\\htdocs\\GenTech_bug\\GenLab\\vendor\\laravel\\framework\\src\\Illuminate\\Routing\\Middleware\\ThrottleRequests.php(125): Illuminate\\Routing\\Middleware\\ThrottleRequests->handleRequest(Object(Illuminate\\Http\\Request), Object(Closure), Array)
#12 A:\\GenTech\\htdocs\\GenTech_bug\\GenLab\\vendor\\laravel\\framework\\src\\Illuminate\\Routing\\Middleware\\ThrottleRequests.php(87): Illuminate\\Routing\\Middleware\\ThrottleRequests->handleRequestUsingNamedLimiter(Object(Illuminate\\Http\\Request), Object(Closure), 'api', Object(Closure))
#13 A:\\GenTech\\htdocs\\GenTech_bug\\GenLab\\vendor\\laravel\\framework\\src\\Illuminate\\Pipeline\\Pipeline.php(183): Illuminate\\Routing\\Middleware\\ThrottleRequests->handle(Object(Illuminate\\Http\\Request), Object(Closure), 'api')
#14 A:\\GenTech\\htdocs\\GenTech_bug\\GenLab\\vendor\\laravel\\framework\\src\\Illuminate\\Pipeline\\Pipeline.php(119): Illuminate\\Pipeline\\Pipeline->Illuminate\\Pipeline\\{closure}(Object(Illuminate\\Http\\Request))
#15 A:\\GenTech\\htdocs\\GenTech_bug\\GenLab\\vendor\\laravel\\framework\\src\\Illuminate\\Routing\\Router.php(805): Illuminate\\Pipeline\\Pipeline->then(Object(Closure))
#16 A:\\GenTech\\htdocs\\GenTech_bug\\GenLab\\vendor\\laravel\\framework\\src\\Illuminate\\Routing\\Router.php(784): Illuminate\\Routing\\Router->runRouteWithinStack(Object(Illuminate\\Routing\\Route), Object(Illuminate\\Http\\Request))
#17 A:\\GenTech\\htdocs\\GenTech_bug\\GenLab\\vendor\\laravel\\framework\\src\\Illuminate\\Routing\\Router.php(748): Illuminate\\Routing\\Router->runRoute(Object(Illuminate\\Http\\Request), Object(Illuminate\\Routing\\Route))
#18 A:\\GenTech\\htdocs\\GenTech_bug\\GenLab\\vendor\\laravel\\framework\\src\\Illuminate\\Routing\\Router.php(737): Illuminate\\Routing\\Router->dispatchToRoute(Object(Illuminate\\Http\\Request))
#19 A:\\GenTech\\htdocs\\GenTech_bug\\GenLab\\vendor\\laravel\\framework\\src\\Illuminate\\Foundation\\Http\\Kernel.php(200): Illuminate\\Routing\\Router->dispatch(Object(Illuminate\\Http\\Request))
#20 A:\\GenTech\\htdocs\\GenTech_bug\\GenLab\\vendor\\laravel\\framework\\src\\Illuminate\\Pipeline\\Pipeline.php(144): Illuminate\\Foundation\\Http\\Kernel->Illuminate\\Foundation\\Http\\{closure}(Object(Illuminate\\Http\\Request))
#21 A:\\GenTech\\htdocs\\GenTech_bug\\GenLab\\vendor\\laravel\\framework\\src\\Illuminate\\Foundation\\Http\\Middleware\\TransformsRequest.php(21): Illuminate\\Pipeline\\Pipeline->Illuminate\\Pipeline\\{closure}(Object(Illuminate\\Http\\Request))
#22 A:\\GenTech\\htdocs\\GenTech_bug\\GenLab\\vendor\\laravel\\framework\\src\\Illuminate\\Foundation\\Http\\Middleware\\ConvertEmptyStringsToNull.php(31): Illuminate\\Foundation\\Http\\Middleware\\TransformsRequest->handle(Object(Illuminate\\Http\\Request), Object(Closure))
#23 A:\\GenTech\\htdocs\\GenTech_bug\\GenLab\\vendor\\laravel\\framework\\src\\Illuminate\\Pipeline\\Pipeline.php(183): Illuminate\\Foundation\\Http\\Middleware\\ConvertEmptyStringsToNull->handle(Object(Illuminate\\Http\\Request), Object(Closure))
#24 A:\\GenTech\\htdocs\\GenTech_bug\\GenLab\\vendor\\laravel\\framework\\src\\Illuminate\\Foundation\\Http\\Middleware\\TransformsRequest.php(21): Illuminate\\Pipeline\\Pipeline->Illuminate\\Pipeline\\{closure}(Object(Illuminate\\Http\\Request))
#25 A:\\GenTech\\htdocs\\GenTech_bug\\GenLab\\vendor\\laravel\\framework\\src\\Illuminate\\Foundation\\Http\\Middleware\\TrimStrings.php(40): Illuminate\\Foundation\\Http\\Middleware\\TransformsRequest->handle(Object(Illuminate\\Http\\Request), Object(Closure))
#26 A:\\GenTech\\htdocs\\GenTech_bug\\GenLab\\vendor\\laravel\\framework\\src\\Illuminate\\Pipeline\\Pipeline.php(183): Illuminate\\Foundation\\Http\\Middleware\\TrimStrings->handle(Object(Illuminate\\Http\\Request), Object(Closure))
#27 A:\\GenTech\\htdocs\\GenTech_bug\\GenLab\\vendor\\laravel\\framework\\src\\Illuminate\\Foundation\\Http\\Middleware\\ValidatePostSize.php(27): Illuminate\\Pipeline\\Pipeline->Illuminate\\Pipeline\\{closure}(Object(Illuminate\\Http\\Request))
#28 A:\\GenTech\\htdocs\\GenTech_bug\\GenLab\\vendor\\laravel\\framework\\src\\Illuminate\\Pipeline\\Pipeline.php(183): Illuminate\\Foundation\\Http\\Middleware\\ValidatePostSize->handle(Object(Illuminate\\Http\\Request), Object(Closure))
#29 A:\\GenTech\\htdocs\\GenTech_bug\\GenLab\\vendor\\laravel\\framework\\src\\Illuminate\\Foundation\\Http\\Middleware\\PreventRequestsDuringMaintenance.php(99): Illuminate\\Pipeline\\Pipeline->Illuminate\\Pipeline\\{closure}(Object(Illuminate\\Http\\Request))
#30 A:\\GenTech\\htdocs\\GenTech_bug\\GenLab\\vendor\\laravel\\framework\\src\\Illuminate\\Pipeline\\Pipeline.php(183): Illuminate\\Foundation\\Http\\Middleware\\PreventRequestsDuringMaintenance->handle(Object(Illuminate\\Http\\Request), Object(Closure))
#31 A:\\GenTech\\htdocs\\GenTech_bug\\GenLab\\vendor\\laravel\\framework\\src\\Illuminate\\Http\\Middleware\\HandleCors.php(62): Illuminate\\Pipeline\\Pipeline->Illuminate\\Pipeline\\{closure}(Object(Illuminate\\Http\\Request))
#32 A:\\GenTech\\htdocs\\GenTech_bug\\GenLab\\vendor\\laravel\\framework\\src\\Illuminate\\Pipeline\\Pipeline.php(183): Illuminate\\Http\\Middleware\\HandleCors->handle(Object(Illuminate\\Http\\Request), Object(Closure))
#33 A:\\GenTech\\htdocs\\GenTech_bug\\GenLab\\vendor\\laravel\\framework\\src\\Illuminate\\Http\\Middleware\\TrustProxies.php(39): Illuminate\\Pipeline\\Pipeline->Illuminate\\Pipeline\\{closure}(Object(Illuminate\\Http\\Request))
#34 A:\\GenTech\\htdocs\\GenTech_bug\\GenLab\\vendor\\laravel\\framework\\src\\Illuminate\\Pipeline\\Pipeline.php(183): Illuminate\\Http\\Middleware\\TrustProxies->handle(Object(Illuminate\\Http\\Request), Object(Closure))
#35 A:\\GenTech\\htdocs\\GenTech_bug\\GenLab\\vendor\\laravel\\framework\\src\\Illuminate\\Pipeline\\Pipeline.php(119): Illuminate\\Pipeline\\Pipeline->Illuminate\\Pipeline\\{closure}(Object(Illuminate\\Http\\Request))
#36 A:\\GenTech\\htdocs\\GenTech_bug\\GenLab\\vendor\\laravel\\framework\\src\\Illuminate\\Foundation\\Http\\Kernel.php(175): Illuminate\\Pipeline\\Pipeline->then(Object(Closure))
#37 A:\\GenTech\\htdocs\\GenTech_bug\\GenLab\\vendor\\laravel\\framework\\src\\Illuminate\\Foundation\\Http\\Kernel.php(144): Illuminate\\Foundation\\Http\\Kernel->sendRequestThroughRouter(Object(Illuminate\\Http\\Request))
#38 A:\\GenTech\\htdocs\\GenTech_bug\\GenLab\\public\\index.php(51): Illuminate\\Foundation\\Http\\Kernel->handle(Object(Illuminate\\Http\\Request))
#39 A:\\GenTech\\htdocs\\GenTech_bug\\GenLab\\vendor\\laravel\\framework\\src\\Illuminate\\Foundation\\resources\\server.php(16): require_once('A:\\\\GenTech\\\\htdo...')
#40 {main}
"} 
