[2025-08-27 10:36:12] production.ERROR: Target class [config] does not exist. {"exception":"[object] (Illuminate\\Contracts\\Container\\BindingResolutionException(code: 0): Target class [config] does not exist. at C:\\xampp\\htdocs\\GenLab\\vendor\\laravel\\framework\\src\\Illuminate\\Container\\Container.php:914)
[stacktrace]
#0 C:\\xampp\\htdocs\\GenLab\\vendor\\laravel\\framework\\src\\Illuminate\\Container\\Container.php(795): Illuminate\\Container\\Container->build('config')
#1 C:\\xampp\\htdocs\\GenLab\\vendor\\laravel\\framework\\src\\Illuminate\\Foundation\\Application.php(986): Illuminate\\Container\\Container->resolve('config', Array, true)
#2 C:\\xampp\\htdocs\\GenLab\\vendor\\laravel\\framework\\src\\Illuminate\\Container\\Container.php(731): Illuminate\\Foundation\\Application->resolve('config', Array)
#3 C:\\xampp\\htdocs\\GenLab\\vendor\\laravel\\framework\\src\\Illuminate\\Foundation\\Application.php(971): Illuminate\\Container\\Container->make('config', Array)
#4 C:\\xampp\\htdocs\\GenLab\\vendor\\laravel\\framework\\src\\Illuminate\\Foundation\\helpers.php(120): Illuminate\\Foundation\\Application->make('config', Array)
#5 C:\\xampp\\htdocs\\GenLab\\vendor\\laravel\\framework\\src\\Illuminate\\Foundation\\helpers.php(274): app('config')
#6 C:\\xampp\\htdocs\\GenLab\\vendor\\laravel\\sanctum\\src\\Sanctum.php(44): config('app.url')
#7 C:\\xampp\\htdocs\\GenLab\\config\\sanctum.php(21): Laravel\\Sanctum\\Sanctum::currentApplicationUrlWithPort()
#8 C:\\xampp\\htdocs\\GenLab\\vendor\\laravel\\framework\\src\\Illuminate\\Foundation\\Bootstrap\\LoadConfiguration.php(70): require('C:\\\\xampp\\\\htdocs...')
#9 C:\\xampp\\htdocs\\GenLab\\vendor\\laravel\\framework\\src\\Illuminate\\Foundation\\Bootstrap\\LoadConfiguration.php(39): Illuminate\\Foundation\\Bootstrap\\LoadConfiguration->loadConfigurationFiles(Object(Illuminate\\Foundation\\Application), Object(Illuminate\\Config\\Repository))
#10 C:\\xampp\\htdocs\\GenLab\\vendor\\laravel\\framework\\src\\Illuminate\\Foundation\\Application.php(286): Illuminate\\Foundation\\Bootstrap\\LoadConfiguration->bootstrap(Object(Illuminate\\Foundation\\Application))
#11 C:\\xampp\\htdocs\\GenLab\\vendor\\laravel\\framework\\src\\Illuminate\\Foundation\\Console\\Kernel.php(447): Illuminate\\Foundation\\Application->bootstrapWith(Array)
#12 C:\\xampp\\htdocs\\GenLab\\vendor\\laravel\\framework\\src\\Illuminate\\Foundation\\Console\\Kernel.php(199): Illuminate\\Foundation\\Console\\Kernel->bootstrap()
#13 C:\\xampp\\htdocs\\GenLab\\artisan(35): Illuminate\\Foundation\\Console\\Kernel->handle(Object(Symfony\\Component\\Console\\Input\\ArgvInput), Object(Symfony\\Component\\Console\\Output\\ConsoleOutput))
#14 {main}

[previous exception] [object] (ReflectionException(code: -1): Class \"config\" does not exist at C:\\xampp\\htdocs\\GenLab\\vendor\\laravel\\framework\\src\\Illuminate\\Container\\Container.php:912)
[stacktrace]
#0 C:\\xampp\\htdocs\\GenLab\\vendor\\laravel\\framework\\src\\Illuminate\\Container\\Container.php(912): ReflectionClass->__construct('config')
#1 C:\\xampp\\htdocs\\GenLab\\vendor\\laravel\\framework\\src\\Illuminate\\Container\\Container.php(795): Illuminate\\Container\\Container->build('config')
#2 C:\\xampp\\htdocs\\GenLab\\vendor\\laravel\\framework\\src\\Illuminate\\Foundation\\Application.php(986): Illuminate\\Container\\Container->resolve('config', Array, true)
#3 C:\\xampp\\htdocs\\GenLab\\vendor\\laravel\\framework\\src\\Illuminate\\Container\\Container.php(731): Illuminate\\Foundation\\Application->resolve('config', Array)
#4 C:\\xampp\\htdocs\\GenLab\\vendor\\laravel\\framework\\src\\Illuminate\\Foundation\\Application.php(971): Illuminate\\Container\\Container->make('config', Array)
#5 C:\\xampp\\htdocs\\GenLab\\vendor\\laravel\\framework\\src\\Illuminate\\Foundation\\helpers.php(120): Illuminate\\Foundation\\Application->make('config', Array)
#6 C:\\xampp\\htdocs\\GenLab\\vendor\\laravel\\framework\\src\\Illuminate\\Foundation\\helpers.php(274): app('config')
#7 C:\\xampp\\htdocs\\GenLab\\vendor\\laravel\\sanctum\\src\\Sanctum.php(44): config('app.url')
#8 C:\\xampp\\htdocs\\GenLab\\config\\sanctum.php(21): Laravel\\Sanctum\\Sanctum::currentApplicationUrlWithPort()
#9 C:\\xampp\\htdocs\\GenLab\\vendor\\laravel\\framework\\src\\Illuminate\\Foundation\\Bootstrap\\LoadConfiguration.php(70): require('C:\\\\xampp\\\\htdocs...')
#10 C:\\xampp\\htdocs\\GenLab\\vendor\\laravel\\framework\\src\\Illuminate\\Foundation\\Bootstrap\\LoadConfiguration.php(39): Illuminate\\Foundation\\Bootstrap\\LoadConfiguration->loadConfigurationFiles(Object(Illuminate\\Foundation\\Application), Object(Illuminate\\Config\\Repository))
#11 C:\\xampp\\htdocs\\GenLab\\vendor\\laravel\\framework\\src\\Illuminate\\Foundation\\Application.php(286): Illuminate\\Foundation\\Bootstrap\\LoadConfiguration->bootstrap(Object(Illuminate\\Foundation\\Application))
#12 C:\\xampp\\htdocs\\GenLab\\vendor\\laravel\\framework\\src\\Illuminate\\Foundation\\Console\\Kernel.php(447): Illuminate\\Foundation\\Application->bootstrapWith(Array)
#13 C:\\xampp\\htdocs\\GenLab\\vendor\\laravel\\framework\\src\\Illuminate\\Foundation\\Console\\Kernel.php(199): Illuminate\\Foundation\\Console\\Kernel->bootstrap()
#14 C:\\xampp\\htdocs\\GenLab\\artisan(35): Illuminate\\Foundation\\Console\\Kernel->handle(Object(Symfony\\Component\\Console\\Input\\ArgvInput), Object(Symfony\\Component\\Console\\Output\\ConsoleOutput))
#15 {main}
"} 
[2025-08-27 10:38:38] production.ERROR: Target class [config] does not exist. {"exception":"[object] (Illuminate\\Contracts\\Container\\BindingResolutionException(code: 0): Target class [config] does not exist. at C:\\xampp\\htdocs\\GenLab\\vendor\\laravel\\framework\\src\\Illuminate\\Container\\Container.php:914)
[stacktrace]
#0 C:\\xampp\\htdocs\\GenLab\\vendor\\laravel\\framework\\src\\Illuminate\\Container\\Container.php(795): Illuminate\\Container\\Container->build('config')
#1 C:\\xampp\\htdocs\\GenLab\\vendor\\laravel\\framework\\src\\Illuminate\\Foundation\\Application.php(986): Illuminate\\Container\\Container->resolve('config', Array, true)
#2 C:\\xampp\\htdocs\\GenLab\\vendor\\laravel\\framework\\src\\Illuminate\\Container\\Container.php(731): Illuminate\\Foundation\\Application->resolve('config', Array)
#3 C:\\xampp\\htdocs\\GenLab\\vendor\\laravel\\framework\\src\\Illuminate\\Foundation\\Application.php(971): Illuminate\\Container\\Container->make('config', Array)
#4 C:\\xampp\\htdocs\\GenLab\\vendor\\laravel\\framework\\src\\Illuminate\\Foundation\\helpers.php(120): Illuminate\\Foundation\\Application->make('config', Array)
#5 C:\\xampp\\htdocs\\GenLab\\vendor\\laravel\\framework\\src\\Illuminate\\Foundation\\helpers.php(274): app('config')
#6 C:\\xampp\\htdocs\\GenLab\\vendor\\laravel\\sanctum\\src\\Sanctum.php(44): config('app.url')
#7 C:\\xampp\\htdocs\\GenLab\\config\\sanctum.php(21): Laravel\\Sanctum\\Sanctum::currentApplicationUrlWithPort()
#8 C:\\xampp\\htdocs\\GenLab\\vendor\\laravel\\framework\\src\\Illuminate\\Foundation\\Bootstrap\\LoadConfiguration.php(70): require('C:\\\\xampp\\\\htdocs...')
#9 C:\\xampp\\htdocs\\GenLab\\vendor\\laravel\\framework\\src\\Illuminate\\Foundation\\Bootstrap\\LoadConfiguration.php(39): Illuminate\\Foundation\\Bootstrap\\LoadConfiguration->loadConfigurationFiles(Object(Illuminate\\Foundation\\Application), Object(Illuminate\\Config\\Repository))
#10 C:\\xampp\\htdocs\\GenLab\\vendor\\laravel\\framework\\src\\Illuminate\\Foundation\\Application.php(286): Illuminate\\Foundation\\Bootstrap\\LoadConfiguration->bootstrap(Object(Illuminate\\Foundation\\Application))
#11 C:\\xampp\\htdocs\\GenLab\\vendor\\laravel\\framework\\src\\Illuminate\\Foundation\\Console\\Kernel.php(447): Illuminate\\Foundation\\Application->bootstrapWith(Array)
#12 C:\\xampp\\htdocs\\GenLab\\vendor\\laravel\\framework\\src\\Illuminate\\Foundation\\Console\\Kernel.php(199): Illuminate\\Foundation\\Console\\Kernel->bootstrap()
#13 C:\\xampp\\htdocs\\GenLab\\artisan(35): Illuminate\\Foundation\\Console\\Kernel->handle(Object(Symfony\\Component\\Console\\Input\\ArgvInput), Object(Symfony\\Component\\Console\\Output\\ConsoleOutput))
#14 {main}

[previous exception] [object] (ReflectionException(code: -1): Class \"config\" does not exist at C:\\xampp\\htdocs\\GenLab\\vendor\\laravel\\framework\\src\\Illuminate\\Container\\Container.php:912)
[stacktrace]
#0 C:\\xampp\\htdocs\\GenLab\\vendor\\laravel\\framework\\src\\Illuminate\\Container\\Container.php(912): ReflectionClass->__construct('config')
#1 C:\\xampp\\htdocs\\GenLab\\vendor\\laravel\\framework\\src\\Illuminate\\Container\\Container.php(795): Illuminate\\Container\\Container->build('config')
#2 C:\\xampp\\htdocs\\GenLab\\vendor\\laravel\\framework\\src\\Illuminate\\Foundation\\Application.php(986): Illuminate\\Container\\Container->resolve('config', Array, true)
#3 C:\\xampp\\htdocs\\GenLab\\vendor\\laravel\\framework\\src\\Illuminate\\Container\\Container.php(731): Illuminate\\Foundation\\Application->resolve('config', Array)
#4 C:\\xampp\\htdocs\\GenLab\\vendor\\laravel\\framework\\src\\Illuminate\\Foundation\\Application.php(971): Illuminate\\Container\\Container->make('config', Array)
#5 C:\\xampp\\htdocs\\GenLab\\vendor\\laravel\\framework\\src\\Illuminate\\Foundation\\helpers.php(120): Illuminate\\Foundation\\Application->make('config', Array)
#6 C:\\xampp\\htdocs\\GenLab\\vendor\\laravel\\framework\\src\\Illuminate\\Foundation\\helpers.php(274): app('config')
#7 C:\\xampp\\htdocs\\GenLab\\vendor\\laravel\\sanctum\\src\\Sanctum.php(44): config('app.url')
#8 C:\\xampp\\htdocs\\GenLab\\config\\sanctum.php(21): Laravel\\Sanctum\\Sanctum::currentApplicationUrlWithPort()
#9 C:\\xampp\\htdocs\\GenLab\\vendor\\laravel\\framework\\src\\Illuminate\\Foundation\\Bootstrap\\LoadConfiguration.php(70): require('C:\\\\xampp\\\\htdocs...')
#10 C:\\xampp\\htdocs\\GenLab\\vendor\\laravel\\framework\\src\\Illuminate\\Foundation\\Bootstrap\\LoadConfiguration.php(39): Illuminate\\Foundation\\Bootstrap\\LoadConfiguration->loadConfigurationFiles(Object(Illuminate\\Foundation\\Application), Object(Illuminate\\Config\\Repository))
#11 C:\\xampp\\htdocs\\GenLab\\vendor\\laravel\\framework\\src\\Illuminate\\Foundation\\Application.php(286): Illuminate\\Foundation\\Bootstrap\\LoadConfiguration->bootstrap(Object(Illuminate\\Foundation\\Application))
#12 C:\\xampp\\htdocs\\GenLab\\vendor\\laravel\\framework\\src\\Illuminate\\Foundation\\Console\\Kernel.php(447): Illuminate\\Foundation\\Application->bootstrapWith(Array)
#13 C:\\xampp\\htdocs\\GenLab\\vendor\\laravel\\framework\\src\\Illuminate\\Foundation\\Console\\Kernel.php(199): Illuminate\\Foundation\\Console\\Kernel->bootstrap()
#14 C:\\xampp\\htdocs\\GenLab\\artisan(35): Illuminate\\Foundation\\Console\\Kernel->handle(Object(Symfony\\Component\\Console\\Input\\ArgvInput), Object(Symfony\\Component\\Console\\Output\\ConsoleOutput))
#15 {main}
"} 
[2025-08-27 10:42:06] production.ERROR: Target class [config] does not exist. {"exception":"[object] (Illuminate\\Contracts\\Container\\BindingResolutionException(code: 0): Target class [config] does not exist. at C:\\xampp\\htdocs\\GenLab\\vendor\\laravel\\framework\\src\\Illuminate\\Container\\Container.php:914)
[stacktrace]
#0 C:\\xampp\\htdocs\\GenLab\\vendor\\laravel\\framework\\src\\Illuminate\\Container\\Container.php(795): Illuminate\\Container\\Container->build('config')
#1 C:\\xampp\\htdocs\\GenLab\\vendor\\laravel\\framework\\src\\Illuminate\\Foundation\\Application.php(986): Illuminate\\Container\\Container->resolve('config', Array, true)
#2 C:\\xampp\\htdocs\\GenLab\\vendor\\laravel\\framework\\src\\Illuminate\\Container\\Container.php(731): Illuminate\\Foundation\\Application->resolve('config', Array)
#3 C:\\xampp\\htdocs\\GenLab\\vendor\\laravel\\framework\\src\\Illuminate\\Foundation\\Application.php(971): Illuminate\\Container\\Container->make('config', Array)
#4 C:\\xampp\\htdocs\\GenLab\\vendor\\laravel\\framework\\src\\Illuminate\\Foundation\\helpers.php(120): Illuminate\\Foundation\\Application->make('config', Array)
#5 C:\\xampp\\htdocs\\GenLab\\vendor\\laravel\\framework\\src\\Illuminate\\Foundation\\helpers.php(274): app('config')
#6 C:\\xampp\\htdocs\\GenLab\\vendor\\laravel\\sanctum\\src\\Sanctum.php(44): config('app.url')
#7 C:\\xampp\\htdocs\\GenLab\\config\\sanctum.php(21): Laravel\\Sanctum\\Sanctum::currentApplicationUrlWithPort()
#8 C:\\xampp\\htdocs\\GenLab\\vendor\\laravel\\framework\\src\\Illuminate\\Foundation\\Bootstrap\\LoadConfiguration.php(70): require('C:\\\\xampp\\\\htdocs...')
#9 C:\\xampp\\htdocs\\GenLab\\vendor\\laravel\\framework\\src\\Illuminate\\Foundation\\Bootstrap\\LoadConfiguration.php(39): Illuminate\\Foundation\\Bootstrap\\LoadConfiguration->loadConfigurationFiles(Object(Illuminate\\Foundation\\Application), Object(Illuminate\\Config\\Repository))
#10 C:\\xampp\\htdocs\\GenLab\\vendor\\laravel\\framework\\src\\Illuminate\\Foundation\\Application.php(286): Illuminate\\Foundation\\Bootstrap\\LoadConfiguration->bootstrap(Object(Illuminate\\Foundation\\Application))
#11 C:\\xampp\\htdocs\\GenLab\\vendor\\laravel\\framework\\src\\Illuminate\\Foundation\\Console\\Kernel.php(447): Illuminate\\Foundation\\Application->bootstrapWith(Array)
#12 C:\\xampp\\htdocs\\GenLab\\vendor\\laravel\\framework\\src\\Illuminate\\Foundation\\Console\\Kernel.php(199): Illuminate\\Foundation\\Console\\Kernel->bootstrap()
#13 C:\\xampp\\htdocs\\GenLab\\artisan(35): Illuminate\\Foundation\\Console\\Kernel->handle(Object(Symfony\\Component\\Console\\Input\\ArgvInput), Object(Symfony\\Component\\Console\\Output\\ConsoleOutput))
#14 {main}

[previous exception] [object] (ReflectionException(code: -1): Class \"config\" does not exist at C:\\xampp\\htdocs\\GenLab\\vendor\\laravel\\framework\\src\\Illuminate\\Container\\Container.php:912)
[stacktrace]
#0 C:\\xampp\\htdocs\\GenLab\\vendor\\laravel\\framework\\src\\Illuminate\\Container\\Container.php(912): ReflectionClass->__construct('config')
#1 C:\\xampp\\htdocs\\GenLab\\vendor\\laravel\\framework\\src\\Illuminate\\Container\\Container.php(795): Illuminate\\Container\\Container->build('config')
#2 C:\\xampp\\htdocs\\GenLab\\vendor\\laravel\\framework\\src\\Illuminate\\Foundation\\Application.php(986): Illuminate\\Container\\Container->resolve('config', Array, true)
#3 C:\\xampp\\htdocs\\GenLab\\vendor\\laravel\\framework\\src\\Illuminate\\Container\\Container.php(731): Illuminate\\Foundation\\Application->resolve('config', Array)
#4 C:\\xampp\\htdocs\\GenLab\\vendor\\laravel\\framework\\src\\Illuminate\\Foundation\\Application.php(971): Illuminate\\Container\\Container->make('config', Array)
#5 C:\\xampp\\htdocs\\GenLab\\vendor\\laravel\\framework\\src\\Illuminate\\Foundation\\helpers.php(120): Illuminate\\Foundation\\Application->make('config', Array)
#6 C:\\xampp\\htdocs\\GenLab\\vendor\\laravel\\framework\\src\\Illuminate\\Foundation\\helpers.php(274): app('config')
#7 C:\\xampp\\htdocs\\GenLab\\vendor\\laravel\\sanctum\\src\\Sanctum.php(44): config('app.url')
#8 C:\\xampp\\htdocs\\GenLab\\config\\sanctum.php(21): Laravel\\Sanctum\\Sanctum::currentApplicationUrlWithPort()
#9 C:\\xampp\\htdocs\\GenLab\\vendor\\laravel\\framework\\src\\Illuminate\\Foundation\\Bootstrap\\LoadConfiguration.php(70): require('C:\\\\xampp\\\\htdocs...')
#10 C:\\xampp\\htdocs\\GenLab\\vendor\\laravel\\framework\\src\\Illuminate\\Foundation\\Bootstrap\\LoadConfiguration.php(39): Illuminate\\Foundation\\Bootstrap\\LoadConfiguration->loadConfigurationFiles(Object(Illuminate\\Foundation\\Application), Object(Illuminate\\Config\\Repository))
#11 C:\\xampp\\htdocs\\GenLab\\vendor\\laravel\\framework\\src\\Illuminate\\Foundation\\Application.php(286): Illuminate\\Foundation\\Bootstrap\\LoadConfiguration->bootstrap(Object(Illuminate\\Foundation\\Application))
#12 C:\\xampp\\htdocs\\GenLab\\vendor\\laravel\\framework\\src\\Illuminate\\Foundation\\Console\\Kernel.php(447): Illuminate\\Foundation\\Application->bootstrapWith(Array)
#13 C:\\xampp\\htdocs\\GenLab\\vendor\\laravel\\framework\\src\\Illuminate\\Foundation\\Console\\Kernel.php(199): Illuminate\\Foundation\\Console\\Kernel->bootstrap()
#14 C:\\xampp\\htdocs\\GenLab\\artisan(35): Illuminate\\Foundation\\Console\\Kernel->handle(Object(Symfony\\Component\\Console\\Input\\ArgvInput), Object(Symfony\\Component\\Console\\Output\\ConsoleOutput))
#15 {main}
"} 
[2025-08-27 10:42:06] production.ERROR: Target class [config] does not exist. {"exception":"[object] (Illuminate\\Contracts\\Container\\BindingResolutionException(code: 0): Target class [config] does not exist. at C:\\xampp\\htdocs\\GenLab\\vendor\\laravel\\framework\\src\\Illuminate\\Container\\Container.php:914)
[stacktrace]
#0 C:\\xampp\\htdocs\\GenLab\\vendor\\laravel\\framework\\src\\Illuminate\\Container\\Container.php(795): Illuminate\\Container\\Container->build('config')
#1 C:\\xampp\\htdocs\\GenLab\\vendor\\laravel\\framework\\src\\Illuminate\\Foundation\\Application.php(986): Illuminate\\Container\\Container->resolve('config', Array, true)
#2 C:\\xampp\\htdocs\\GenLab\\vendor\\laravel\\framework\\src\\Illuminate\\Container\\Container.php(731): Illuminate\\Foundation\\Application->resolve('config', Array)
#3 C:\\xampp\\htdocs\\GenLab\\vendor\\laravel\\framework\\src\\Illuminate\\Foundation\\Application.php(971): Illuminate\\Container\\Container->make('config', Array)
#4 C:\\xampp\\htdocs\\GenLab\\vendor\\laravel\\framework\\src\\Illuminate\\Foundation\\helpers.php(120): Illuminate\\Foundation\\Application->make('config', Array)
#5 C:\\xampp\\htdocs\\GenLab\\vendor\\laravel\\framework\\src\\Illuminate\\Foundation\\helpers.php(274): app('config')
#6 C:\\xampp\\htdocs\\GenLab\\vendor\\laravel\\sanctum\\src\\Sanctum.php(44): config('app.url')
#7 C:\\xampp\\htdocs\\GenLab\\config\\sanctum.php(21): Laravel\\Sanctum\\Sanctum::currentApplicationUrlWithPort()
#8 C:\\xampp\\htdocs\\GenLab\\vendor\\laravel\\framework\\src\\Illuminate\\Foundation\\Bootstrap\\LoadConfiguration.php(70): require('C:\\\\xampp\\\\htdocs...')
#9 C:\\xampp\\htdocs\\GenLab\\vendor\\laravel\\framework\\src\\Illuminate\\Foundation\\Bootstrap\\LoadConfiguration.php(39): Illuminate\\Foundation\\Bootstrap\\LoadConfiguration->loadConfigurationFiles(Object(Illuminate\\Foundation\\Application), Object(Illuminate\\Config\\Repository))
#10 C:\\xampp\\htdocs\\GenLab\\vendor\\laravel\\framework\\src\\Illuminate\\Foundation\\Application.php(286): Illuminate\\Foundation\\Bootstrap\\LoadConfiguration->bootstrap(Object(Illuminate\\Foundation\\Application))
#11 C:\\xampp\\htdocs\\GenLab\\vendor\\laravel\\framework\\src\\Illuminate\\Foundation\\Console\\Kernel.php(447): Illuminate\\Foundation\\Application->bootstrapWith(Array)
#12 C:\\xampp\\htdocs\\GenLab\\vendor\\laravel\\framework\\src\\Illuminate\\Foundation\\Console\\Kernel.php(199): Illuminate\\Foundation\\Console\\Kernel->bootstrap()
#13 C:\\xampp\\htdocs\\GenLab\\artisan(35): Illuminate\\Foundation\\Console\\Kernel->handle(Object(Symfony\\Component\\Console\\Input\\ArgvInput), Object(Symfony\\Component\\Console\\Output\\ConsoleOutput))
#14 {main}

[previous exception] [object] (ReflectionException(code: -1): Class \"config\" does not exist at C:\\xampp\\htdocs\\GenLab\\vendor\\laravel\\framework\\src\\Illuminate\\Container\\Container.php:912)
[stacktrace]
#0 C:\\xampp\\htdocs\\GenLab\\vendor\\laravel\\framework\\src\\Illuminate\\Container\\Container.php(912): ReflectionClass->__construct('config')
#1 C:\\xampp\\htdocs\\GenLab\\vendor\\laravel\\framework\\src\\Illuminate\\Container\\Container.php(795): Illuminate\\Container\\Container->build('config')
#2 C:\\xampp\\htdocs\\GenLab\\vendor\\laravel\\framework\\src\\Illuminate\\Foundation\\Application.php(986): Illuminate\\Container\\Container->resolve('config', Array, true)
#3 C:\\xampp\\htdocs\\GenLab\\vendor\\laravel\\framework\\src\\Illuminate\\Container\\Container.php(731): Illuminate\\Foundation\\Application->resolve('config', Array)
#4 C:\\xampp\\htdocs\\GenLab\\vendor\\laravel\\framework\\src\\Illuminate\\Foundation\\Application.php(971): Illuminate\\Container\\Container->make('config', Array)
#5 C:\\xampp\\htdocs\\GenLab\\vendor\\laravel\\framework\\src\\Illuminate\\Foundation\\helpers.php(120): Illuminate\\Foundation\\Application->make('config', Array)
#6 C:\\xampp\\htdocs\\GenLab\\vendor\\laravel\\framework\\src\\Illuminate\\Foundation\\helpers.php(274): app('config')
#7 C:\\xampp\\htdocs\\GenLab\\vendor\\laravel\\sanctum\\src\\Sanctum.php(44): config('app.url')
#8 C:\\xampp\\htdocs\\GenLab\\config\\sanctum.php(21): Laravel\\Sanctum\\Sanctum::currentApplicationUrlWithPort()
#9 C:\\xampp\\htdocs\\GenLab\\vendor\\laravel\\framework\\src\\Illuminate\\Foundation\\Bootstrap\\LoadConfiguration.php(70): require('C:\\\\xampp\\\\htdocs...')
#10 C:\\xampp\\htdocs\\GenLab\\vendor\\laravel\\framework\\src\\Illuminate\\Foundation\\Bootstrap\\LoadConfiguration.php(39): Illuminate\\Foundation\\Bootstrap\\LoadConfiguration->loadConfigurationFiles(Object(Illuminate\\Foundation\\Application), Object(Illuminate\\Config\\Repository))
#11 C:\\xampp\\htdocs\\GenLab\\vendor\\laravel\\framework\\src\\Illuminate\\Foundation\\Application.php(286): Illuminate\\Foundation\\Bootstrap\\LoadConfiguration->bootstrap(Object(Illuminate\\Foundation\\Application))
#12 C:\\xampp\\htdocs\\GenLab\\vendor\\laravel\\framework\\src\\Illuminate\\Foundation\\Console\\Kernel.php(447): Illuminate\\Foundation\\Application->bootstrapWith(Array)
#13 C:\\xampp\\htdocs\\GenLab\\vendor\\laravel\\framework\\src\\Illuminate\\Foundation\\Console\\Kernel.php(199): Illuminate\\Foundation\\Console\\Kernel->bootstrap()
#14 C:\\xampp\\htdocs\\GenLab\\artisan(35): Illuminate\\Foundation\\Console\\Kernel->handle(Object(Symfony\\Component\\Console\\Input\\ArgvInput), Object(Symfony\\Component\\Console\\Output\\ConsoleOutput))
#15 {main}
"} 
[2025-08-27 10:42:06] production.ERROR: Target class [config] does not exist. {"exception":"[object] (Illuminate\\Contracts\\Container\\BindingResolutionException(code: 0): Target class [config] does not exist. at C:\\xampp\\htdocs\\GenLab\\vendor\\laravel\\framework\\src\\Illuminate\\Container\\Container.php:914)
[stacktrace]
#0 C:\\xampp\\htdocs\\GenLab\\vendor\\laravel\\framework\\src\\Illuminate\\Container\\Container.php(795): Illuminate\\Container\\Container->build('config')
#1 C:\\xampp\\htdocs\\GenLab\\vendor\\laravel\\framework\\src\\Illuminate\\Foundation\\Application.php(986): Illuminate\\Container\\Container->resolve('config', Array, true)
#2 C:\\xampp\\htdocs\\GenLab\\vendor\\laravel\\framework\\src\\Illuminate\\Container\\Container.php(731): Illuminate\\Foundation\\Application->resolve('config', Array)
#3 C:\\xampp\\htdocs\\GenLab\\vendor\\laravel\\framework\\src\\Illuminate\\Foundation\\Application.php(971): Illuminate\\Container\\Container->make('config', Array)
#4 C:\\xampp\\htdocs\\GenLab\\vendor\\laravel\\framework\\src\\Illuminate\\Foundation\\helpers.php(120): Illuminate\\Foundation\\Application->make('config', Array)
#5 C:\\xampp\\htdocs\\GenLab\\vendor\\laravel\\framework\\src\\Illuminate\\Foundation\\helpers.php(274): app('config')
#6 C:\\xampp\\htdocs\\GenLab\\vendor\\laravel\\sanctum\\src\\Sanctum.php(44): config('app.url')
#7 C:\\xampp\\htdocs\\GenLab\\config\\sanctum.php(21): Laravel\\Sanctum\\Sanctum::currentApplicationUrlWithPort()
#8 C:\\xampp\\htdocs\\GenLab\\vendor\\laravel\\framework\\src\\Illuminate\\Foundation\\Bootstrap\\LoadConfiguration.php(70): require('C:\\\\xampp\\\\htdocs...')
#9 C:\\xampp\\htdocs\\GenLab\\vendor\\laravel\\framework\\src\\Illuminate\\Foundation\\Bootstrap\\LoadConfiguration.php(39): Illuminate\\Foundation\\Bootstrap\\LoadConfiguration->loadConfigurationFiles(Object(Illuminate\\Foundation\\Application), Object(Illuminate\\Config\\Repository))
#10 C:\\xampp\\htdocs\\GenLab\\vendor\\laravel\\framework\\src\\Illuminate\\Foundation\\Application.php(286): Illuminate\\Foundation\\Bootstrap\\LoadConfiguration->bootstrap(Object(Illuminate\\Foundation\\Application))
#11 C:\\xampp\\htdocs\\GenLab\\vendor\\laravel\\framework\\src\\Illuminate\\Foundation\\Console\\Kernel.php(447): Illuminate\\Foundation\\Application->bootstrapWith(Array)
#12 C:\\xampp\\htdocs\\GenLab\\vendor\\laravel\\framework\\src\\Illuminate\\Foundation\\Console\\Kernel.php(199): Illuminate\\Foundation\\Console\\Kernel->bootstrap()
#13 C:\\xampp\\htdocs\\GenLab\\artisan(35): Illuminate\\Foundation\\Console\\Kernel->handle(Object(Symfony\\Component\\Console\\Input\\ArgvInput), Object(Symfony\\Component\\Console\\Output\\ConsoleOutput))
#14 {main}

[previous exception] [object] (ReflectionException(code: -1): Class \"config\" does not exist at C:\\xampp\\htdocs\\GenLab\\vendor\\laravel\\framework\\src\\Illuminate\\Container\\Container.php:912)
[stacktrace]
#0 C:\\xampp\\htdocs\\GenLab\\vendor\\laravel\\framework\\src\\Illuminate\\Container\\Container.php(912): ReflectionClass->__construct('config')
#1 C:\\xampp\\htdocs\\GenLab\\vendor\\laravel\\framework\\src\\Illuminate\\Container\\Container.php(795): Illuminate\\Container\\Container->build('config')
#2 C:\\xampp\\htdocs\\GenLab\\vendor\\laravel\\framework\\src\\Illuminate\\Foundation\\Application.php(986): Illuminate\\Container\\Container->resolve('config', Array, true)
#3 C:\\xampp\\htdocs\\GenLab\\vendor\\laravel\\framework\\src\\Illuminate\\Container\\Container.php(731): Illuminate\\Foundation\\Application->resolve('config', Array)
#4 C:\\xampp\\htdocs\\GenLab\\vendor\\laravel\\framework\\src\\Illuminate\\Foundation\\Application.php(971): Illuminate\\Container\\Container->make('config', Array)
#5 C:\\xampp\\htdocs\\GenLab\\vendor\\laravel\\framework\\src\\Illuminate\\Foundation\\helpers.php(120): Illuminate\\Foundation\\Application->make('config', Array)
#6 C:\\xampp\\htdocs\\GenLab\\vendor\\laravel\\framework\\src\\Illuminate\\Foundation\\helpers.php(274): app('config')
#7 C:\\xampp\\htdocs\\GenLab\\vendor\\laravel\\sanctum\\src\\Sanctum.php(44): config('app.url')
#8 C:\\xampp\\htdocs\\GenLab\\config\\sanctum.php(21): Laravel\\Sanctum\\Sanctum::currentApplicationUrlWithPort()
#9 C:\\xampp\\htdocs\\GenLab\\vendor\\laravel\\framework\\src\\Illuminate\\Foundation\\Bootstrap\\LoadConfiguration.php(70): require('C:\\\\xampp\\\\htdocs...')
#10 C:\\xampp\\htdocs\\GenLab\\vendor\\laravel\\framework\\src\\Illuminate\\Foundation\\Bootstrap\\LoadConfiguration.php(39): Illuminate\\Foundation\\Bootstrap\\LoadConfiguration->loadConfigurationFiles(Object(Illuminate\\Foundation\\Application), Object(Illuminate\\Config\\Repository))
#11 C:\\xampp\\htdocs\\GenLab\\vendor\\laravel\\framework\\src\\Illuminate\\Foundation\\Application.php(286): Illuminate\\Foundation\\Bootstrap\\LoadConfiguration->bootstrap(Object(Illuminate\\Foundation\\Application))
#12 C:\\xampp\\htdocs\\GenLab\\vendor\\laravel\\framework\\src\\Illuminate\\Foundation\\Console\\Kernel.php(447): Illuminate\\Foundation\\Application->bootstrapWith(Array)
#13 C:\\xampp\\htdocs\\GenLab\\vendor\\laravel\\framework\\src\\Illuminate\\Foundation\\Console\\Kernel.php(199): Illuminate\\Foundation\\Console\\Kernel->bootstrap()
#14 C:\\xampp\\htdocs\\GenLab\\artisan(35): Illuminate\\Foundation\\Console\\Kernel->handle(Object(Symfony\\Component\\Console\\Input\\ArgvInput), Object(Symfony\\Component\\Console\\Output\\ConsoleOutput))
#15 {main}
"} 
[2025-08-27 11:11:30] production.ERROR: Target class [config] does not exist. {"exception":"[object] (Illuminate\\Contracts\\Container\\BindingResolutionException(code: 0): Target class [config] does not exist. at C:\\xampp\\htdocs\\GenLab\\vendor\\laravel\\framework\\src\\Illuminate\\Container\\Container.php:914)
[stacktrace]
#0 C:\\xampp\\htdocs\\GenLab\\vendor\\laravel\\framework\\src\\Illuminate\\Container\\Container.php(795): Illuminate\\Container\\Container->build('config')
#1 C:\\xampp\\htdocs\\GenLab\\vendor\\laravel\\framework\\src\\Illuminate\\Foundation\\Application.php(986): Illuminate\\Container\\Container->resolve('config', Array, true)
#2 C:\\xampp\\htdocs\\GenLab\\vendor\\laravel\\framework\\src\\Illuminate\\Container\\Container.php(731): Illuminate\\Foundation\\Application->resolve('config', Array)
#3 C:\\xampp\\htdocs\\GenLab\\vendor\\laravel\\framework\\src\\Illuminate\\Foundation\\Application.php(971): Illuminate\\Container\\Container->make('config', Array)
#4 C:\\xampp\\htdocs\\GenLab\\vendor\\laravel\\framework\\src\\Illuminate\\Foundation\\helpers.php(120): Illuminate\\Foundation\\Application->make('config', Array)
#5 C:\\xampp\\htdocs\\GenLab\\vendor\\laravel\\framework\\src\\Illuminate\\Foundation\\helpers.php(274): app('config')
#6 C:\\xampp\\htdocs\\GenLab\\vendor\\laravel\\sanctum\\src\\Sanctum.php(44): config('app.url')
#7 C:\\xampp\\htdocs\\GenLab\\config\\sanctum.php(21): Laravel\\Sanctum\\Sanctum::currentApplicationUrlWithPort()
#8 C:\\xampp\\htdocs\\GenLab\\vendor\\laravel\\framework\\src\\Illuminate\\Foundation\\Bootstrap\\LoadConfiguration.php(70): require('C:\\\\xampp\\\\htdocs...')
#9 C:\\xampp\\htdocs\\GenLab\\vendor\\laravel\\framework\\src\\Illuminate\\Foundation\\Bootstrap\\LoadConfiguration.php(39): Illuminate\\Foundation\\Bootstrap\\LoadConfiguration->loadConfigurationFiles(Object(Illuminate\\Foundation\\Application), Object(Illuminate\\Config\\Repository))
#10 C:\\xampp\\htdocs\\GenLab\\vendor\\laravel\\framework\\src\\Illuminate\\Foundation\\Application.php(286): Illuminate\\Foundation\\Bootstrap\\LoadConfiguration->bootstrap(Object(Illuminate\\Foundation\\Application))
#11 C:\\xampp\\htdocs\\GenLab\\vendor\\laravel\\framework\\src\\Illuminate\\Foundation\\Console\\Kernel.php(447): Illuminate\\Foundation\\Application->bootstrapWith(Array)
#12 C:\\xampp\\htdocs\\GenLab\\vendor\\laravel\\framework\\src\\Illuminate\\Foundation\\Console\\Kernel.php(199): Illuminate\\Foundation\\Console\\Kernel->bootstrap()
#13 C:\\xampp\\htdocs\\GenLab\\artisan(12): Illuminate\\Foundation\\Console\\Kernel->handle(Object(Symfony\\Component\\Console\\Input\\ArgvInput), Object(Symfony\\Component\\Console\\Output\\ConsoleOutput))
#14 {main}

[previous exception] [object] (ReflectionException(code: -1): Class \"config\" does not exist at C:\\xampp\\htdocs\\GenLab\\vendor\\laravel\\framework\\src\\Illuminate\\Container\\Container.php:912)
[stacktrace]
#0 C:\\xampp\\htdocs\\GenLab\\vendor\\laravel\\framework\\src\\Illuminate\\Container\\Container.php(912): ReflectionClass->__construct('config')
#1 C:\\xampp\\htdocs\\GenLab\\vendor\\laravel\\framework\\src\\Illuminate\\Container\\Container.php(795): Illuminate\\Container\\Container->build('config')
#2 C:\\xampp\\htdocs\\GenLab\\vendor\\laravel\\framework\\src\\Illuminate\\Foundation\\Application.php(986): Illuminate\\Container\\Container->resolve('config', Array, true)
#3 C:\\xampp\\htdocs\\GenLab\\vendor\\laravel\\framework\\src\\Illuminate\\Container\\Container.php(731): Illuminate\\Foundation\\Application->resolve('config', Array)
#4 C:\\xampp\\htdocs\\GenLab\\vendor\\laravel\\framework\\src\\Illuminate\\Foundation\\Application.php(971): Illuminate\\Container\\Container->make('config', Array)
#5 C:\\xampp\\htdocs\\GenLab\\vendor\\laravel\\framework\\src\\Illuminate\\Foundation\\helpers.php(120): Illuminate\\Foundation\\Application->make('config', Array)
#6 C:\\xampp\\htdocs\\GenLab\\vendor\\laravel\\framework\\src\\Illuminate\\Foundation\\helpers.php(274): app('config')
#7 C:\\xampp\\htdocs\\GenLab\\vendor\\laravel\\sanctum\\src\\Sanctum.php(44): config('app.url')
#8 C:\\xampp\\htdocs\\GenLab\\config\\sanctum.php(21): Laravel\\Sanctum\\Sanctum::currentApplicationUrlWithPort()
#9 C:\\xampp\\htdocs\\GenLab\\vendor\\laravel\\framework\\src\\Illuminate\\Foundation\\Bootstrap\\LoadConfiguration.php(70): require('C:\\\\xampp\\\\htdocs...')
#10 C:\\xampp\\htdocs\\GenLab\\vendor\\laravel\\framework\\src\\Illuminate\\Foundation\\Bootstrap\\LoadConfiguration.php(39): Illuminate\\Foundation\\Bootstrap\\LoadConfiguration->loadConfigurationFiles(Object(Illuminate\\Foundation\\Application), Object(Illuminate\\Config\\Repository))
#11 C:\\xampp\\htdocs\\GenLab\\vendor\\laravel\\framework\\src\\Illuminate\\Foundation\\Application.php(286): Illuminate\\Foundation\\Bootstrap\\LoadConfiguration->bootstrap(Object(Illuminate\\Foundation\\Application))
#12 C:\\xampp\\htdocs\\GenLab\\vendor\\laravel\\framework\\src\\Illuminate\\Foundation\\Console\\Kernel.php(447): Illuminate\\Foundation\\Application->bootstrapWith(Array)
#13 C:\\xampp\\htdocs\\GenLab\\vendor\\laravel\\framework\\src\\Illuminate\\Foundation\\Console\\Kernel.php(199): Illuminate\\Foundation\\Console\\Kernel->bootstrap()
#14 C:\\xampp\\htdocs\\GenLab\\artisan(12): Illuminate\\Foundation\\Console\\Kernel->handle(Object(Symfony\\Component\\Console\\Input\\ArgvInput), Object(Symfony\\Component\\Console\\Output\\ConsoleOutput))
#15 {main}
"} 
[2025-08-27 11:13:56] production.ERROR: Target class [config] does not exist. {"exception":"[object] (Illuminate\\Contracts\\Container\\BindingResolutionException(code: 0): Target class [config] does not exist. at C:\\xampp\\htdocs\\GenLab\\vendor\\laravel\\framework\\src\\Illuminate\\Container\\Container.php:914)
[stacktrace]
#0 C:\\xampp\\htdocs\\GenLab\\vendor\\laravel\\framework\\src\\Illuminate\\Container\\Container.php(795): Illuminate\\Container\\Container->build('config')
#1 C:\\xampp\\htdocs\\GenLab\\vendor\\laravel\\framework\\src\\Illuminate\\Foundation\\Application.php(986): Illuminate\\Container\\Container->resolve('config', Array, true)
#2 C:\\xampp\\htdocs\\GenLab\\vendor\\laravel\\framework\\src\\Illuminate\\Container\\Container.php(731): Illuminate\\Foundation\\Application->resolve('config', Array)
#3 C:\\xampp\\htdocs\\GenLab\\vendor\\laravel\\framework\\src\\Illuminate\\Foundation\\Application.php(971): Illuminate\\Container\\Container->make('config', Array)
#4 C:\\xampp\\htdocs\\GenLab\\vendor\\laravel\\framework\\src\\Illuminate\\Foundation\\helpers.php(120): Illuminate\\Foundation\\Application->make('config', Array)
#5 C:\\xampp\\htdocs\\GenLab\\vendor\\laravel\\framework\\src\\Illuminate\\Foundation\\helpers.php(274): app('config')
#6 C:\\xampp\\htdocs\\GenLab\\vendor\\laravel\\sanctum\\src\\Sanctum.php(44): config('app.url')
#7 C:\\xampp\\htdocs\\GenLab\\config\\sanctum.php(21): Laravel\\Sanctum\\Sanctum::currentApplicationUrlWithPort()
#8 C:\\xampp\\htdocs\\GenLab\\vendor\\laravel\\framework\\src\\Illuminate\\Foundation\\Bootstrap\\LoadConfiguration.php(70): require('C:\\\\xampp\\\\htdocs...')
#9 C:\\xampp\\htdocs\\GenLab\\vendor\\laravel\\framework\\src\\Illuminate\\Foundation\\Bootstrap\\LoadConfiguration.php(39): Illuminate\\Foundation\\Bootstrap\\LoadConfiguration->loadConfigurationFiles(Object(Illuminate\\Foundation\\Application), Object(Illuminate\\Config\\Repository))
#10 C:\\xampp\\htdocs\\GenLab\\vendor\\laravel\\framework\\src\\Illuminate\\Foundation\\Application.php(286): Illuminate\\Foundation\\Bootstrap\\LoadConfiguration->bootstrap(Object(Illuminate\\Foundation\\Application))
#11 C:\\xampp\\htdocs\\GenLab\\vendor\\laravel\\framework\\src\\Illuminate\\Foundation\\Console\\Kernel.php(447): Illuminate\\Foundation\\Application->bootstrapWith(Array)
#12 C:\\xampp\\htdocs\\GenLab\\vendor\\laravel\\framework\\src\\Illuminate\\Foundation\\Console\\Kernel.php(199): Illuminate\\Foundation\\Console\\Kernel->bootstrap()
#13 C:\\xampp\\htdocs\\GenLab\\artisan(14): Illuminate\\Foundation\\Console\\Kernel->handle(Object(Symfony\\Component\\Console\\Input\\ArgvInput), Object(Symfony\\Component\\Console\\Output\\ConsoleOutput))
#14 {main}

[previous exception] [object] (ReflectionException(code: -1): Class \"config\" does not exist at C:\\xampp\\htdocs\\GenLab\\vendor\\laravel\\framework\\src\\Illuminate\\Container\\Container.php:912)
[stacktrace]
#0 C:\\xampp\\htdocs\\GenLab\\vendor\\laravel\\framework\\src\\Illuminate\\Container\\Container.php(912): ReflectionClass->__construct('config')
#1 C:\\xampp\\htdocs\\GenLab\\vendor\\laravel\\framework\\src\\Illuminate\\Container\\Container.php(795): Illuminate\\Container\\Container->build('config')
#2 C:\\xampp\\htdocs\\GenLab\\vendor\\laravel\\framework\\src\\Illuminate\\Foundation\\Application.php(986): Illuminate\\Container\\Container->resolve('config', Array, true)
#3 C:\\xampp\\htdocs\\GenLab\\vendor\\laravel\\framework\\src\\Illuminate\\Container\\Container.php(731): Illuminate\\Foundation\\Application->resolve('config', Array)
#4 C:\\xampp\\htdocs\\GenLab\\vendor\\laravel\\framework\\src\\Illuminate\\Foundation\\Application.php(971): Illuminate\\Container\\Container->make('config', Array)
#5 C:\\xampp\\htdocs\\GenLab\\vendor\\laravel\\framework\\src\\Illuminate\\Foundation\\helpers.php(120): Illuminate\\Foundation\\Application->make('config', Array)
#6 C:\\xampp\\htdocs\\GenLab\\vendor\\laravel\\framework\\src\\Illuminate\\Foundation\\helpers.php(274): app('config')
#7 C:\\xampp\\htdocs\\GenLab\\vendor\\laravel\\sanctum\\src\\Sanctum.php(44): config('app.url')
#8 C:\\xampp\\htdocs\\GenLab\\config\\sanctum.php(21): Laravel\\Sanctum\\Sanctum::currentApplicationUrlWithPort()
#9 C:\\xampp\\htdocs\\GenLab\\vendor\\laravel\\framework\\src\\Illuminate\\Foundation\\Bootstrap\\LoadConfiguration.php(70): require('C:\\\\xampp\\\\htdocs...')
#10 C:\\xampp\\htdocs\\GenLab\\vendor\\laravel\\framework\\src\\Illuminate\\Foundation\\Bootstrap\\LoadConfiguration.php(39): Illuminate\\Foundation\\Bootstrap\\LoadConfiguration->loadConfigurationFiles(Object(Illuminate\\Foundation\\Application), Object(Illuminate\\Config\\Repository))
#11 C:\\xampp\\htdocs\\GenLab\\vendor\\laravel\\framework\\src\\Illuminate\\Foundation\\Application.php(286): Illuminate\\Foundation\\Bootstrap\\LoadConfiguration->bootstrap(Object(Illuminate\\Foundation\\Application))
#12 C:\\xampp\\htdocs\\GenLab\\vendor\\laravel\\framework\\src\\Illuminate\\Foundation\\Console\\Kernel.php(447): Illuminate\\Foundation\\Application->bootstrapWith(Array)
#13 C:\\xampp\\htdocs\\GenLab\\vendor\\laravel\\framework\\src\\Illuminate\\Foundation\\Console\\Kernel.php(199): Illuminate\\Foundation\\Console\\Kernel->bootstrap()
#14 C:\\xampp\\htdocs\\GenLab\\artisan(14): Illuminate\\Foundation\\Console\\Kernel->handle(Object(Symfony\\Component\\Console\\Input\\ArgvInput), Object(Symfony\\Component\\Console\\Output\\ConsoleOutput))
#15 {main}
"} 
[2025-08-27 11:18:07] production.ERROR: Target class [config] does not exist. {"exception":"[object] (Illuminate\\Contracts\\Container\\BindingResolutionException(code: 0): Target class [config] does not exist. at C:\\xampp\\htdocs\\GenLab\\vendor\\laravel\\framework\\src\\Illuminate\\Container\\Container.php:914)
[stacktrace]
#0 C:\\xampp\\htdocs\\GenLab\\vendor\\laravel\\framework\\src\\Illuminate\\Container\\Container.php(795): Illuminate\\Container\\Container->build('config')
#1 C:\\xampp\\htdocs\\GenLab\\vendor\\laravel\\framework\\src\\Illuminate\\Foundation\\Application.php(986): Illuminate\\Container\\Container->resolve('config', Array, true)
#2 C:\\xampp\\htdocs\\GenLab\\vendor\\laravel\\framework\\src\\Illuminate\\Container\\Container.php(731): Illuminate\\Foundation\\Application->resolve('config', Array)
#3 C:\\xampp\\htdocs\\GenLab\\vendor\\laravel\\framework\\src\\Illuminate\\Foundation\\Application.php(971): Illuminate\\Container\\Container->make('config', Array)
#4 C:\\xampp\\htdocs\\GenLab\\vendor\\laravel\\framework\\src\\Illuminate\\Foundation\\helpers.php(120): Illuminate\\Foundation\\Application->make('config', Array)
#5 C:\\xampp\\htdocs\\GenLab\\vendor\\laravel\\framework\\src\\Illuminate\\Foundation\\helpers.php(274): app('config')
#6 C:\\xampp\\htdocs\\GenLab\\vendor\\laravel\\sanctum\\src\\Sanctum.php(44): config('app.url')
#7 C:\\xampp\\htdocs\\GenLab\\config\\sanctum.php(21): Laravel\\Sanctum\\Sanctum::currentApplicationUrlWithPort()
#8 C:\\xampp\\htdocs\\GenLab\\vendor\\laravel\\framework\\src\\Illuminate\\Foundation\\Bootstrap\\LoadConfiguration.php(70): require('C:\\\\xampp\\\\htdocs...')
#9 C:\\xampp\\htdocs\\GenLab\\vendor\\laravel\\framework\\src\\Illuminate\\Foundation\\Bootstrap\\LoadConfiguration.php(39): Illuminate\\Foundation\\Bootstrap\\LoadConfiguration->loadConfigurationFiles(Object(Illuminate\\Foundation\\Application), Object(Illuminate\\Config\\Repository))
#10 C:\\xampp\\htdocs\\GenLab\\vendor\\laravel\\framework\\src\\Illuminate\\Foundation\\Application.php(286): Illuminate\\Foundation\\Bootstrap\\LoadConfiguration->bootstrap(Object(Illuminate\\Foundation\\Application))
#11 C:\\xampp\\htdocs\\GenLab\\vendor\\laravel\\framework\\src\\Illuminate\\Foundation\\Console\\Kernel.php(447): Illuminate\\Foundation\\Application->bootstrapWith(Array)
#12 C:\\xampp\\htdocs\\GenLab\\vendor\\laravel\\framework\\src\\Illuminate\\Foundation\\Console\\Kernel.php(199): Illuminate\\Foundation\\Console\\Kernel->bootstrap()
#13 C:\\xampp\\htdocs\\GenLab\\artisan(14): Illuminate\\Foundation\\Console\\Kernel->handle(Object(Symfony\\Component\\Console\\Input\\ArgvInput), Object(Symfony\\Component\\Console\\Output\\ConsoleOutput))
#14 {main}

[previous exception] [object] (ReflectionException(code: -1): Class \"config\" does not exist at C:\\xampp\\htdocs\\GenLab\\vendor\\laravel\\framework\\src\\Illuminate\\Container\\Container.php:912)
[stacktrace]
#0 C:\\xampp\\htdocs\\GenLab\\vendor\\laravel\\framework\\src\\Illuminate\\Container\\Container.php(912): ReflectionClass->__construct('config')
#1 C:\\xampp\\htdocs\\GenLab\\vendor\\laravel\\framework\\src\\Illuminate\\Container\\Container.php(795): Illuminate\\Container\\Container->build('config')
#2 C:\\xampp\\htdocs\\GenLab\\vendor\\laravel\\framework\\src\\Illuminate\\Foundation\\Application.php(986): Illuminate\\Container\\Container->resolve('config', Array, true)
#3 C:\\xampp\\htdocs\\GenLab\\vendor\\laravel\\framework\\src\\Illuminate\\Container\\Container.php(731): Illuminate\\Foundation\\Application->resolve('config', Array)
#4 C:\\xampp\\htdocs\\GenLab\\vendor\\laravel\\framework\\src\\Illuminate\\Foundation\\Application.php(971): Illuminate\\Container\\Container->make('config', Array)
#5 C:\\xampp\\htdocs\\GenLab\\vendor\\laravel\\framework\\src\\Illuminate\\Foundation\\helpers.php(120): Illuminate\\Foundation\\Application->make('config', Array)
#6 C:\\xampp\\htdocs\\GenLab\\vendor\\laravel\\framework\\src\\Illuminate\\Foundation\\helpers.php(274): app('config')
#7 C:\\xampp\\htdocs\\GenLab\\vendor\\laravel\\sanctum\\src\\Sanctum.php(44): config('app.url')
#8 C:\\xampp\\htdocs\\GenLab\\config\\sanctum.php(21): Laravel\\Sanctum\\Sanctum::currentApplicationUrlWithPort()
#9 C:\\xampp\\htdocs\\GenLab\\vendor\\laravel\\framework\\src\\Illuminate\\Foundation\\Bootstrap\\LoadConfiguration.php(70): require('C:\\\\xampp\\\\htdocs...')
#10 C:\\xampp\\htdocs\\GenLab\\vendor\\laravel\\framework\\src\\Illuminate\\Foundation\\Bootstrap\\LoadConfiguration.php(39): Illuminate\\Foundation\\Bootstrap\\LoadConfiguration->loadConfigurationFiles(Object(Illuminate\\Foundation\\Application), Object(Illuminate\\Config\\Repository))
#11 C:\\xampp\\htdocs\\GenLab\\vendor\\laravel\\framework\\src\\Illuminate\\Foundation\\Application.php(286): Illuminate\\Foundation\\Bootstrap\\LoadConfiguration->bootstrap(Object(Illuminate\\Foundation\\Application))
#12 C:\\xampp\\htdocs\\GenLab\\vendor\\laravel\\framework\\src\\Illuminate\\Foundation\\Console\\Kernel.php(447): Illuminate\\Foundation\\Application->bootstrapWith(Array)
#13 C:\\xampp\\htdocs\\GenLab\\vendor\\laravel\\framework\\src\\Illuminate\\Foundation\\Console\\Kernel.php(199): Illuminate\\Foundation\\Console\\Kernel->bootstrap()
#14 C:\\xampp\\htdocs\\GenLab\\artisan(14): Illuminate\\Foundation\\Console\\Kernel->handle(Object(Symfony\\Component\\Console\\Input\\ArgvInput), Object(Symfony\\Component\\Console\\Output\\ConsoleOutput))
#15 {main}
"} 
[2025-08-27 11:18:08] production.ERROR: Target class [config] does not exist. {"exception":"[object] (Illuminate\\Contracts\\Container\\BindingResolutionException(code: 0): Target class [config] does not exist. at C:\\xampp\\htdocs\\GenLab\\vendor\\laravel\\framework\\src\\Illuminate\\Container\\Container.php:914)
[stacktrace]
#0 C:\\xampp\\htdocs\\GenLab\\vendor\\laravel\\framework\\src\\Illuminate\\Container\\Container.php(795): Illuminate\\Container\\Container->build('config')
#1 C:\\xampp\\htdocs\\GenLab\\vendor\\laravel\\framework\\src\\Illuminate\\Foundation\\Application.php(986): Illuminate\\Container\\Container->resolve('config', Array, true)
#2 C:\\xampp\\htdocs\\GenLab\\vendor\\laravel\\framework\\src\\Illuminate\\Container\\Container.php(731): Illuminate\\Foundation\\Application->resolve('config', Array)
#3 C:\\xampp\\htdocs\\GenLab\\vendor\\laravel\\framework\\src\\Illuminate\\Foundation\\Application.php(971): Illuminate\\Container\\Container->make('config', Array)
#4 C:\\xampp\\htdocs\\GenLab\\vendor\\laravel\\framework\\src\\Illuminate\\Foundation\\helpers.php(120): Illuminate\\Foundation\\Application->make('config', Array)
#5 C:\\xampp\\htdocs\\GenLab\\vendor\\laravel\\framework\\src\\Illuminate\\Foundation\\helpers.php(274): app('config')
#6 C:\\xampp\\htdocs\\GenLab\\vendor\\laravel\\sanctum\\src\\Sanctum.php(44): config('app.url')
#7 C:\\xampp\\htdocs\\GenLab\\config\\sanctum.php(21): Laravel\\Sanctum\\Sanctum::currentApplicationUrlWithPort()
#8 C:\\xampp\\htdocs\\GenLab\\vendor\\laravel\\framework\\src\\Illuminate\\Foundation\\Bootstrap\\LoadConfiguration.php(70): require('C:\\\\xampp\\\\htdocs...')
#9 C:\\xampp\\htdocs\\GenLab\\vendor\\laravel\\framework\\src\\Illuminate\\Foundation\\Bootstrap\\LoadConfiguration.php(39): Illuminate\\Foundation\\Bootstrap\\LoadConfiguration->loadConfigurationFiles(Object(Illuminate\\Foundation\\Application), Object(Illuminate\\Config\\Repository))
#10 C:\\xampp\\htdocs\\GenLab\\vendor\\laravel\\framework\\src\\Illuminate\\Foundation\\Application.php(286): Illuminate\\Foundation\\Bootstrap\\LoadConfiguration->bootstrap(Object(Illuminate\\Foundation\\Application))
#11 C:\\xampp\\htdocs\\GenLab\\vendor\\laravel\\framework\\src\\Illuminate\\Foundation\\Console\\Kernel.php(447): Illuminate\\Foundation\\Application->bootstrapWith(Array)
#12 C:\\xampp\\htdocs\\GenLab\\vendor\\laravel\\framework\\src\\Illuminate\\Foundation\\Console\\Kernel.php(199): Illuminate\\Foundation\\Console\\Kernel->bootstrap()
#13 C:\\xampp\\htdocs\\GenLab\\artisan(14): Illuminate\\Foundation\\Console\\Kernel->handle(Object(Symfony\\Component\\Console\\Input\\ArgvInput), Object(Symfony\\Component\\Console\\Output\\ConsoleOutput))
#14 {main}

[previous exception] [object] (ReflectionException(code: -1): Class \"config\" does not exist at C:\\xampp\\htdocs\\GenLab\\vendor\\laravel\\framework\\src\\Illuminate\\Container\\Container.php:912)
[stacktrace]
#0 C:\\xampp\\htdocs\\GenLab\\vendor\\laravel\\framework\\src\\Illuminate\\Container\\Container.php(912): ReflectionClass->__construct('config')
#1 C:\\xampp\\htdocs\\GenLab\\vendor\\laravel\\framework\\src\\Illuminate\\Container\\Container.php(795): Illuminate\\Container\\Container->build('config')
#2 C:\\xampp\\htdocs\\GenLab\\vendor\\laravel\\framework\\src\\Illuminate\\Foundation\\Application.php(986): Illuminate\\Container\\Container->resolve('config', Array, true)
#3 C:\\xampp\\htdocs\\GenLab\\vendor\\laravel\\framework\\src\\Illuminate\\Container\\Container.php(731): Illuminate\\Foundation\\Application->resolve('config', Array)
#4 C:\\xampp\\htdocs\\GenLab\\vendor\\laravel\\framework\\src\\Illuminate\\Foundation\\Application.php(971): Illuminate\\Container\\Container->make('config', Array)
#5 C:\\xampp\\htdocs\\GenLab\\vendor\\laravel\\framework\\src\\Illuminate\\Foundation\\helpers.php(120): Illuminate\\Foundation\\Application->make('config', Array)
#6 C:\\xampp\\htdocs\\GenLab\\vendor\\laravel\\framework\\src\\Illuminate\\Foundation\\helpers.php(274): app('config')
#7 C:\\xampp\\htdocs\\GenLab\\vendor\\laravel\\sanctum\\src\\Sanctum.php(44): config('app.url')
#8 C:\\xampp\\htdocs\\GenLab\\config\\sanctum.php(21): Laravel\\Sanctum\\Sanctum::currentApplicationUrlWithPort()
#9 C:\\xampp\\htdocs\\GenLab\\vendor\\laravel\\framework\\src\\Illuminate\\Foundation\\Bootstrap\\LoadConfiguration.php(70): require('C:\\\\xampp\\\\htdocs...')
#10 C:\\xampp\\htdocs\\GenLab\\vendor\\laravel\\framework\\src\\Illuminate\\Foundation\\Bootstrap\\LoadConfiguration.php(39): Illuminate\\Foundation\\Bootstrap\\LoadConfiguration->loadConfigurationFiles(Object(Illuminate\\Foundation\\Application), Object(Illuminate\\Config\\Repository))
#11 C:\\xampp\\htdocs\\GenLab\\vendor\\laravel\\framework\\src\\Illuminate\\Foundation\\Application.php(286): Illuminate\\Foundation\\Bootstrap\\LoadConfiguration->bootstrap(Object(Illuminate\\Foundation\\Application))
#12 C:\\xampp\\htdocs\\GenLab\\vendor\\laravel\\framework\\src\\Illuminate\\Foundation\\Console\\Kernel.php(447): Illuminate\\Foundation\\Application->bootstrapWith(Array)
#13 C:\\xampp\\htdocs\\GenLab\\vendor\\laravel\\framework\\src\\Illuminate\\Foundation\\Console\\Kernel.php(199): Illuminate\\Foundation\\Console\\Kernel->bootstrap()
#14 C:\\xampp\\htdocs\\GenLab\\artisan(14): Illuminate\\Foundation\\Console\\Kernel->handle(Object(Symfony\\Component\\Console\\Input\\ArgvInput), Object(Symfony\\Component\\Console\\Output\\ConsoleOutput))
#15 {main}
"} 
[2025-08-27 11:18:08] production.ERROR: Target class [config] does not exist. {"exception":"[object] (Illuminate\\Contracts\\Container\\BindingResolutionException(code: 0): Target class [config] does not exist. at C:\\xampp\\htdocs\\GenLab\\vendor\\laravel\\framework\\src\\Illuminate\\Container\\Container.php:914)
[stacktrace]
#0 C:\\xampp\\htdocs\\GenLab\\vendor\\laravel\\framework\\src\\Illuminate\\Container\\Container.php(795): Illuminate\\Container\\Container->build('config')
#1 C:\\xampp\\htdocs\\GenLab\\vendor\\laravel\\framework\\src\\Illuminate\\Foundation\\Application.php(986): Illuminate\\Container\\Container->resolve('config', Array, true)
#2 C:\\xampp\\htdocs\\GenLab\\vendor\\laravel\\framework\\src\\Illuminate\\Container\\Container.php(731): Illuminate\\Foundation\\Application->resolve('config', Array)
#3 C:\\xampp\\htdocs\\GenLab\\vendor\\laravel\\framework\\src\\Illuminate\\Foundation\\Application.php(971): Illuminate\\Container\\Container->make('config', Array)
#4 C:\\xampp\\htdocs\\GenLab\\vendor\\laravel\\framework\\src\\Illuminate\\Foundation\\helpers.php(120): Illuminate\\Foundation\\Application->make('config', Array)
#5 C:\\xampp\\htdocs\\GenLab\\vendor\\laravel\\framework\\src\\Illuminate\\Foundation\\helpers.php(274): app('config')
#6 C:\\xampp\\htdocs\\GenLab\\vendor\\laravel\\sanctum\\src\\Sanctum.php(44): config('app.url')
#7 C:\\xampp\\htdocs\\GenLab\\config\\sanctum.php(21): Laravel\\Sanctum\\Sanctum::currentApplicationUrlWithPort()
#8 C:\\xampp\\htdocs\\GenLab\\vendor\\laravel\\framework\\src\\Illuminate\\Foundation\\Bootstrap\\LoadConfiguration.php(70): require('C:\\\\xampp\\\\htdocs...')
#9 C:\\xampp\\htdocs\\GenLab\\vendor\\laravel\\framework\\src\\Illuminate\\Foundation\\Bootstrap\\LoadConfiguration.php(39): Illuminate\\Foundation\\Bootstrap\\LoadConfiguration->loadConfigurationFiles(Object(Illuminate\\Foundation\\Application), Object(Illuminate\\Config\\Repository))
#10 C:\\xampp\\htdocs\\GenLab\\vendor\\laravel\\framework\\src\\Illuminate\\Foundation\\Application.php(286): Illuminate\\Foundation\\Bootstrap\\LoadConfiguration->bootstrap(Object(Illuminate\\Foundation\\Application))
#11 C:\\xampp\\htdocs\\GenLab\\vendor\\laravel\\framework\\src\\Illuminate\\Foundation\\Console\\Kernel.php(447): Illuminate\\Foundation\\Application->bootstrapWith(Array)
#12 C:\\xampp\\htdocs\\GenLab\\vendor\\laravel\\framework\\src\\Illuminate\\Foundation\\Console\\Kernel.php(199): Illuminate\\Foundation\\Console\\Kernel->bootstrap()
#13 C:\\xampp\\htdocs\\GenLab\\artisan(14): Illuminate\\Foundation\\Console\\Kernel->handle(Object(Symfony\\Component\\Console\\Input\\ArgvInput), Object(Symfony\\Component\\Console\\Output\\ConsoleOutput))
#14 {main}

[previous exception] [object] (ReflectionException(code: -1): Class \"config\" does not exist at C:\\xampp\\htdocs\\GenLab\\vendor\\laravel\\framework\\src\\Illuminate\\Container\\Container.php:912)
[stacktrace]
#0 C:\\xampp\\htdocs\\GenLab\\vendor\\laravel\\framework\\src\\Illuminate\\Container\\Container.php(912): ReflectionClass->__construct('config')
#1 C:\\xampp\\htdocs\\GenLab\\vendor\\laravel\\framework\\src\\Illuminate\\Container\\Container.php(795): Illuminate\\Container\\Container->build('config')
#2 C:\\xampp\\htdocs\\GenLab\\vendor\\laravel\\framework\\src\\Illuminate\\Foundation\\Application.php(986): Illuminate\\Container\\Container->resolve('config', Array, true)
#3 C:\\xampp\\htdocs\\GenLab\\vendor\\laravel\\framework\\src\\Illuminate\\Container\\Container.php(731): Illuminate\\Foundation\\Application->resolve('config', Array)
#4 C:\\xampp\\htdocs\\GenLab\\vendor\\laravel\\framework\\src\\Illuminate\\Foundation\\Application.php(971): Illuminate\\Container\\Container->make('config', Array)
#5 C:\\xampp\\htdocs\\GenLab\\vendor\\laravel\\framework\\src\\Illuminate\\Foundation\\helpers.php(120): Illuminate\\Foundation\\Application->make('config', Array)
#6 C:\\xampp\\htdocs\\GenLab\\vendor\\laravel\\framework\\src\\Illuminate\\Foundation\\helpers.php(274): app('config')
#7 C:\\xampp\\htdocs\\GenLab\\vendor\\laravel\\sanctum\\src\\Sanctum.php(44): config('app.url')
#8 C:\\xampp\\htdocs\\GenLab\\config\\sanctum.php(21): Laravel\\Sanctum\\Sanctum::currentApplicationUrlWithPort()
#9 C:\\xampp\\htdocs\\GenLab\\vendor\\laravel\\framework\\src\\Illuminate\\Foundation\\Bootstrap\\LoadConfiguration.php(70): require('C:\\\\xampp\\\\htdocs...')
#10 C:\\xampp\\htdocs\\GenLab\\vendor\\laravel\\framework\\src\\Illuminate\\Foundation\\Bootstrap\\LoadConfiguration.php(39): Illuminate\\Foundation\\Bootstrap\\LoadConfiguration->loadConfigurationFiles(Object(Illuminate\\Foundation\\Application), Object(Illuminate\\Config\\Repository))
#11 C:\\xampp\\htdocs\\GenLab\\vendor\\laravel\\framework\\src\\Illuminate\\Foundation\\Application.php(286): Illuminate\\Foundation\\Bootstrap\\LoadConfiguration->bootstrap(Object(Illuminate\\Foundation\\Application))
#12 C:\\xampp\\htdocs\\GenLab\\vendor\\laravel\\framework\\src\\Illuminate\\Foundation\\Console\\Kernel.php(447): Illuminate\\Foundation\\Application->bootstrapWith(Array)
#13 C:\\xampp\\htdocs\\GenLab\\vendor\\laravel\\framework\\src\\Illuminate\\Foundation\\Console\\Kernel.php(199): Illuminate\\Foundation\\Console\\Kernel->bootstrap()
#14 C:\\xampp\\htdocs\\GenLab\\artisan(14): Illuminate\\Foundation\\Console\\Kernel->handle(Object(Symfony\\Component\\Console\\Input\\ArgvInput), Object(Symfony\\Component\\Console\\Output\\ConsoleOutput))
#15 {main}
"} 
[2025-08-27 11:33:01] production.ERROR: Target class [config] does not exist. {"exception":"[object] (Illuminate\\Contracts\\Container\\BindingResolutionException(code: 0): Target class [config] does not exist. at C:\\xampp\\htdocs\\GenLab\\vendor\\laravel\\framework\\src\\Illuminate\\Container\\Container.php:914)
[stacktrace]
#0 C:\\xampp\\htdocs\\GenLab\\vendor\\laravel\\framework\\src\\Illuminate\\Container\\Container.php(795): Illuminate\\Container\\Container->build('config')
#1 C:\\xampp\\htdocs\\GenLab\\vendor\\laravel\\framework\\src\\Illuminate\\Foundation\\Application.php(986): Illuminate\\Container\\Container->resolve('config', Array, true)
#2 C:\\xampp\\htdocs\\GenLab\\vendor\\laravel\\framework\\src\\Illuminate\\Container\\Container.php(731): Illuminate\\Foundation\\Application->resolve('config', Array)
#3 C:\\xampp\\htdocs\\GenLab\\vendor\\laravel\\framework\\src\\Illuminate\\Foundation\\Application.php(971): Illuminate\\Container\\Container->make('config', Array)
#4 C:\\xampp\\htdocs\\GenLab\\vendor\\laravel\\framework\\src\\Illuminate\\Foundation\\helpers.php(120): Illuminate\\Foundation\\Application->make('config', Array)
#5 C:\\xampp\\htdocs\\GenLab\\vendor\\laravel\\framework\\src\\Illuminate\\Foundation\\helpers.php(274): app('config')
#6 C:\\xampp\\htdocs\\GenLab\\vendor\\laravel\\sanctum\\src\\Sanctum.php(44): config('app.url')
#7 C:\\xampp\\htdocs\\GenLab\\config\\sanctum.php(21): Laravel\\Sanctum\\Sanctum::currentApplicationUrlWithPort()
#8 C:\\xampp\\htdocs\\GenLab\\vendor\\laravel\\framework\\src\\Illuminate\\Foundation\\Bootstrap\\LoadConfiguration.php(70): require('C:\\\\xampp\\\\htdocs...')
#9 C:\\xampp\\htdocs\\GenLab\\vendor\\laravel\\framework\\src\\Illuminate\\Foundation\\Bootstrap\\LoadConfiguration.php(39): Illuminate\\Foundation\\Bootstrap\\LoadConfiguration->loadConfigurationFiles(Object(Illuminate\\Foundation\\Application), Object(Illuminate\\Config\\Repository))
#10 C:\\xampp\\htdocs\\GenLab\\vendor\\laravel\\framework\\src\\Illuminate\\Foundation\\Application.php(286): Illuminate\\Foundation\\Bootstrap\\LoadConfiguration->bootstrap(Object(Illuminate\\Foundation\\Application))
#11 C:\\xampp\\htdocs\\GenLab\\vendor\\laravel\\framework\\src\\Illuminate\\Foundation\\Console\\Kernel.php(447): Illuminate\\Foundation\\Application->bootstrapWith(Array)
#12 C:\\xampp\\htdocs\\GenLab\\vendor\\laravel\\framework\\src\\Illuminate\\Foundation\\Console\\Kernel.php(199): Illuminate\\Foundation\\Console\\Kernel->bootstrap()
#13 C:\\xampp\\htdocs\\GenLab\\artisan(35): Illuminate\\Foundation\\Console\\Kernel->handle(Object(Symfony\\Component\\Console\\Input\\ArgvInput), Object(Symfony\\Component\\Console\\Output\\ConsoleOutput))
#14 {main}

[previous exception] [object] (ReflectionException(code: -1): Class \"config\" does not exist at C:\\xampp\\htdocs\\GenLab\\vendor\\laravel\\framework\\src\\Illuminate\\Container\\Container.php:912)
[stacktrace]
#0 C:\\xampp\\htdocs\\GenLab\\vendor\\laravel\\framework\\src\\Illuminate\\Container\\Container.php(912): ReflectionClass->__construct('config')
#1 C:\\xampp\\htdocs\\GenLab\\vendor\\laravel\\framework\\src\\Illuminate\\Container\\Container.php(795): Illuminate\\Container\\Container->build('config')
#2 C:\\xampp\\htdocs\\GenLab\\vendor\\laravel\\framework\\src\\Illuminate\\Foundation\\Application.php(986): Illuminate\\Container\\Container->resolve('config', Array, true)
#3 C:\\xampp\\htdocs\\GenLab\\vendor\\laravel\\framework\\src\\Illuminate\\Container\\Container.php(731): Illuminate\\Foundation\\Application->resolve('config', Array)
#4 C:\\xampp\\htdocs\\GenLab\\vendor\\laravel\\framework\\src\\Illuminate\\Foundation\\Application.php(971): Illuminate\\Container\\Container->make('config', Array)
#5 C:\\xampp\\htdocs\\GenLab\\vendor\\laravel\\framework\\src\\Illuminate\\Foundation\\helpers.php(120): Illuminate\\Foundation\\Application->make('config', Array)
#6 C:\\xampp\\htdocs\\GenLab\\vendor\\laravel\\framework\\src\\Illuminate\\Foundation\\helpers.php(274): app('config')
#7 C:\\xampp\\htdocs\\GenLab\\vendor\\laravel\\sanctum\\src\\Sanctum.php(44): config('app.url')
#8 C:\\xampp\\htdocs\\GenLab\\config\\sanctum.php(21): Laravel\\Sanctum\\Sanctum::currentApplicationUrlWithPort()
#9 C:\\xampp\\htdocs\\GenLab\\vendor\\laravel\\framework\\src\\Illuminate\\Foundation\\Bootstrap\\LoadConfiguration.php(70): require('C:\\\\xampp\\\\htdocs...')
#10 C:\\xampp\\htdocs\\GenLab\\vendor\\laravel\\framework\\src\\Illuminate\\Foundation\\Bootstrap\\LoadConfiguration.php(39): Illuminate\\Foundation\\Bootstrap\\LoadConfiguration->loadConfigurationFiles(Object(Illuminate\\Foundation\\Application), Object(Illuminate\\Config\\Repository))
#11 C:\\xampp\\htdocs\\GenLab\\vendor\\laravel\\framework\\src\\Illuminate\\Foundation\\Application.php(286): Illuminate\\Foundation\\Bootstrap\\LoadConfiguration->bootstrap(Object(Illuminate\\Foundation\\Application))
#12 C:\\xampp\\htdocs\\GenLab\\vendor\\laravel\\framework\\src\\Illuminate\\Foundation\\Console\\Kernel.php(447): Illuminate\\Foundation\\Application->bootstrapWith(Array)
#13 C:\\xampp\\htdocs\\GenLab\\vendor\\laravel\\framework\\src\\Illuminate\\Foundation\\Console\\Kernel.php(199): Illuminate\\Foundation\\Console\\Kernel->bootstrap()
#14 C:\\xampp\\htdocs\\GenLab\\artisan(35): Illuminate\\Foundation\\Console\\Kernel->handle(Object(Symfony\\Component\\Console\\Input\\ArgvInput), Object(Symfony\\Component\\Console\\Output\\ConsoleOutput))
#15 {main}
"} 
[2025-08-27 09:47:21] local.ERROR: The C:\xampp\htdocs\GenLab\bootstrap\cache directory must be present and writable. {"exception":"[object] (Exception(code: 0): The C:\\xampp\\htdocs\\GenLab\\bootstrap\\cache directory must be present and writable. at C:\\xampp\\htdocs\\GenLab\\vendor\\laravel\\framework\\src\\Illuminate\\Foundation\\PackageManifest.php:178)
[stacktrace]
#0 C:\\xampp\\htdocs\\GenLab\\vendor\\laravel\\framework\\src\\Illuminate\\Foundation\\PackageManifest.php(131): Illuminate\\Foundation\\PackageManifest->write(Array)
#1 C:\\xampp\\htdocs\\GenLab\\vendor\\laravel\\framework\\src\\Illuminate\\Foundation\\PackageManifest.php(107): Illuminate\\Foundation\\PackageManifest->build()
#2 C:\\xampp\\htdocs\\GenLab\\vendor\\laravel\\framework\\src\\Illuminate\\Foundation\\PackageManifest.php(90): Illuminate\\Foundation\\PackageManifest->getManifest()
#3 C:\\xampp\\htdocs\\GenLab\\vendor\\laravel\\framework\\src\\Illuminate\\Foundation\\PackageManifest.php(79): Illuminate\\Foundation\\PackageManifest->config('aliases')
#4 C:\\xampp\\htdocs\\GenLab\\vendor\\laravel\\framework\\src\\Illuminate\\Foundation\\Bootstrap\\RegisterFacades.php(26): Illuminate\\Foundation\\PackageManifest->aliases()
#5 C:\\xampp\\htdocs\\GenLab\\vendor\\laravel\\framework\\src\\Illuminate\\Foundation\\Application.php(286): Illuminate\\Foundation\\Bootstrap\\RegisterFacades->bootstrap(Object(Illuminate\\Foundation\\Application))
#6 C:\\xampp\\htdocs\\GenLab\\vendor\\laravel\\framework\\src\\Illuminate\\Foundation\\Console\\Kernel.php(447): Illuminate\\Foundation\\Application->bootstrapWith(Array)
#7 C:\\xampp\\htdocs\\GenLab\\vendor\\laravel\\framework\\src\\Illuminate\\Foundation\\Console\\Kernel.php(199): Illuminate\\Foundation\\Console\\Kernel->bootstrap()
#8 C:\\xampp\\htdocs\\GenLab\\artisan(35): Illuminate\\Foundation\\Console\\Kernel->handle(Object(Symfony\\Component\\Console\\Input\\ArgvInput), Object(Symfony\\Component\\Console\\Output\\ConsoleOutput))
#9 {main}
"} 
